2017-05-15 06:49:29,907 [Worker-1] INFO  c.g.t.t.d.PublishedGradleVersions - Gradle version information cache is out-of-date. Trying to update.
2017-05-15 06:49:52,674 [Worker-5] INFO  o.e.m.c.i.l.LifecycleMappingFactory - Using org.eclipse.m2e.jdt.JarLifecycleMapping lifecycle mapping for MavenProject: com.learn:algorithms:0.0.1-SNAPSHOT @ /Users/vmankena/Documents/MyGit/javaexperiments/algorithms/pom.xml.
2017-05-15 06:49:52,896 [Worker-5] INFO  o.e.m.j.i.AbstractJavaProjectConfigurator - Adding source folder /algorithms/src/main/java
2017-05-15 06:49:52,899 [Worker-5] INFO  o.e.m.j.i.AbstractJavaProjectConfigurator - Adding source folder /algorithms/src/test/java
2017-05-15 06:49:53,465 [Worker-5] INFO  o.e.m.c.i.p.ProjectConfigurationManager - Imported and configured 1 project(s) in 1 sec
2017-05-15 06:49:54,720 [Worker-6] INFO  o.e.m.c.i.embedder.EclipseLogger - Using 'UTF-8' encoding to copy filtered resources.
2017-05-15 06:49:54,721 [Worker-6] INFO  o.e.m.c.i.embedder.EclipseLogger - skip non existing resourceDirectory /Users/vmankena/Documents/MyGit/javaexperiments/algorithms/src/main/resources
2017-05-15 06:49:54,723 [Worker-6] INFO  o.e.m.c.i.embedder.EclipseLogger - Using 'UTF-8' encoding to copy filtered resources.
2017-05-15 06:49:54,724 [Worker-6] INFO  o.e.m.c.i.embedder.EclipseLogger - skip non existing resourceDirectory /Users/vmankena/Documents/MyGit/javaexperiments/algorithms/src/test/resources
2017-05-15 06:50:03,178 [Worker-14] INFO  o.e.m.c.i.embedder.EclipseLogger - Using 'UTF-8' encoding to copy filtered resources.
2017-05-15 06:50:03,178 [Worker-14] INFO  o.e.m.c.i.embedder.EclipseLogger - skip non existing resourceDirectory /Users/vmankena/Documents/MyGit/javaexperiments/algorithms/src/main/resources
2017-05-15 06:50:03,179 [Worker-14] INFO  o.e.m.c.i.embedder.EclipseLogger - Using 'UTF-8' encoding to copy filtered resources.
2017-05-15 06:50:03,180 [Worker-14] INFO  o.e.m.c.i.embedder.EclipseLogger - skip non existing resourceDirectory /Users/vmankena/Documents/MyGit/javaexperiments/algorithms/src/test/resources
2017-05-15 07:06:42,955 [Worker-3] INFO  c.g.t.t.d.PublishedGradleVersions - Gradle version information cache is up-to-date. Trying to read.
2017-05-15 07:06:45,291 [Worker-6] INFO  o.e.m.c.i.embedder.EclipseLogger - Using 'UTF-8' encoding to copy filtered resources.
2017-05-15 07:06:45,292 [Worker-6] INFO  o.e.m.c.i.embedder.EclipseLogger - skip non existing resourceDirectory /Users/vmankena/Documents/MyGit/javaexperiments/algorithms/src/main/resources
2017-05-15 07:06:45,294 [Worker-6] INFO  o.e.m.c.i.embedder.EclipseLogger - Using 'UTF-8' encoding to copy filtered resources.
2017-05-15 07:06:45,294 [Worker-6] INFO  o.e.m.c.i.embedder.EclipseLogger - skip non existing resourceDirectory /Users/vmankena/Documents/MyGit/javaexperiments/algorithms/src/test/resources
2017-05-15 07:07:34,516 [Worker-13] INFO  o.e.m.c.i.e.AbstractTransferListenerAdapter - Downloaded http://apdpdnexus.corp.intuit.net/nexus/content/groups/public/org/springframework/boot/spring-boot-starter-parent/1.5.2.RELEASE/spring-boot-starter-parent-1.5.2.RELEASE.pom
2017-05-15 07:07:34,713 [Worker-13] INFO  o.e.m.c.i.p.ProjectConfigurationManager - Imported and configured 1 project(s) in 1 sec
