2017-04-26 10:52:14,495 [Worker-1] INFO  c.g.t.t.d.PublishedGradleVersions - Gradle version information cache is up-to-date. Trying to read.
2017-04-26 10:52:37,481 [Worker-0] INFO  o.e.m.c.i.e.AbstractTransferListenerAdapter - Downloading https://repo.maven.apache.org/maven2/org/apache/maven/plugins/maven-deploy-plugin/2.8.2/maven-deploy-plugin-2.8.2.jar
2017-04-26 10:52:38,036 [Worker-0] INFO  o.e.m.c.i.e.AbstractTransferListenerAdapter - Downloaded https://repo.maven.apache.org/maven2/org/apache/maven/plugins/maven-deploy-plugin/2.8.2/maven-deploy-plugin-2.8.2.jar
2017-04-26 10:52:38,396 [Worker-0] INFO  o.e.m.c.i.e.AbstractTransferListenerAdapter - Downloading https://repo.maven.apache.org/maven2/org/apache/maven/plugins/maven-site-plugin/3.5.1/maven-site-plugin-3.5.1.jar
2017-04-26 10:52:39,178 [Worker-0] INFO  o.e.m.c.i.e.AbstractTransferListenerAdapter - Downloaded https://repo.maven.apache.org/maven2/org/apache/maven/plugins/maven-site-plugin/3.5.1/maven-site-plugin-3.5.1.jar
2017-04-26 10:52:39,493 [Worker-0] INFO  o.e.m.c.i.l.LifecycleMappingFactory - Using org.eclipse.m2e.jdt.JarLifecycleMapping lifecycle mapping for MavenProject: com.venky.springbootquickstart:course-api:0.0.1-SNAPSHOT @ /Users/vmankena/Documents/MyGit/springboot/course-api/pom.xml.
2017-04-26 10:52:39,964 [Worker-0] INFO  o.e.m.j.i.AbstractJavaProjectConfigurator - Adding source folder /course-api/src/main/java
2017-04-26 10:52:39,965 [Worker-0] INFO  o.e.m.j.i.AbstractJavaProjectConfigurator - Adding source folder /course-api/src/test/java
2017-04-26 10:52:40,022 [Worker-0] INFO  o.e.m.c.i.p.ProjectConfigurationManager - Imported and configured 1 project(s) in 5 sec
2017-04-26 10:52:40,945 [Worker-0] INFO  o.e.m.c.i.embedder.EclipseLogger - Using 'UTF-8' encoding to copy filtered resources.
2017-04-26 10:52:40,945 [Worker-0] INFO  o.e.m.c.i.embedder.EclipseLogger - skip non existing resourceDirectory /Users/vmankena/Documents/MyGit/springboot/course-api/src/main/resources
2017-04-26 10:52:40,945 [Worker-0] INFO  o.e.m.c.i.embedder.EclipseLogger - skip non existing resourceDirectory /Users/vmankena/Documents/MyGit/springboot/course-api/src/main/resources
2017-04-26 10:52:40,948 [Worker-0] INFO  o.e.m.c.i.embedder.EclipseLogger - Using 'UTF-8' encoding to copy filtered resources.
2017-04-26 10:52:40,948 [Worker-0] INFO  o.e.m.c.i.embedder.EclipseLogger - skip non existing resourceDirectory /Users/vmankena/Documents/MyGit/springboot/course-api/src/test/resources
2017-04-26 10:52:48,742 [Worker-13] INFO  o.e.m.c.i.embedder.EclipseLogger - Using 'UTF-8' encoding to copy filtered resources.
2017-04-26 10:52:48,742 [Worker-13] INFO  o.e.m.c.i.embedder.EclipseLogger - skip non existing resourceDirectory /Users/vmankena/Documents/MyGit/springboot/course-api/src/main/resources
2017-04-26 10:52:48,742 [Worker-13] INFO  o.e.m.c.i.embedder.EclipseLogger - skip non existing resourceDirectory /Users/vmankena/Documents/MyGit/springboot/course-api/src/main/resources
2017-04-26 10:52:48,743 [Worker-13] INFO  o.e.m.c.i.embedder.EclipseLogger - Using 'UTF-8' encoding to copy filtered resources.
2017-04-26 10:52:48,744 [Worker-13] INFO  o.e.m.c.i.embedder.EclipseLogger - skip non existing resourceDirectory /Users/vmankena/Documents/MyGit/springboot/course-api/src/test/resources
2017-04-26 10:56:08,307 [Worker-13] INFO  o.e.m.c.i.embedder.EclipseLogger - Using 'UTF-8' encoding to copy filtered resources.
2017-04-26 10:56:08,307 [Worker-13] INFO  o.e.m.c.i.embedder.EclipseLogger - skip non existing resourceDirectory /Users/vmankena/Documents/MyGit/springboot/course-api/src/main/resources
2017-04-26 10:56:08,307 [Worker-13] INFO  o.e.m.c.i.embedder.EclipseLogger - skip non existing resourceDirectory /Users/vmankena/Documents/MyGit/springboot/course-api/src/main/resources
2017-04-26 10:56:08,309 [Worker-13] INFO  o.e.m.c.i.embedder.EclipseLogger - Using 'UTF-8' encoding to copy filtered resources.
2017-04-26 10:56:08,309 [Worker-13] INFO  o.e.m.c.i.embedder.EclipseLogger - skip non existing resourceDirectory /Users/vmankena/Documents/MyGit/springboot/course-api/src/test/resources
2017-04-26 10:56:17,253 [Worker-11] INFO  o.e.m.c.i.embedder.EclipseLogger - Using 'UTF-8' encoding to copy filtered resources.
2017-04-26 10:56:17,253 [Worker-11] INFO  o.e.m.c.i.embedder.EclipseLogger - skip non existing resourceDirectory /Users/vmankena/Documents/MyGit/springboot/course-api/src/main/resources
2017-04-26 10:56:17,253 [Worker-11] INFO  o.e.m.c.i.embedder.EclipseLogger - skip non existing resourceDirectory /Users/vmankena/Documents/MyGit/springboot/course-api/src/main/resources
2017-04-26 10:56:17,255 [Worker-11] INFO  o.e.m.c.i.embedder.EclipseLogger - Using 'UTF-8' encoding to copy filtered resources.
2017-04-26 10:56:17,255 [Worker-11] INFO  o.e.m.c.i.embedder.EclipseLogger - skip non existing resourceDirectory /Users/vmankena/Documents/MyGit/springboot/course-api/src/test/resources
2017-04-26 10:57:14,104 [Worker-3] INFO  o.e.m.c.i.embedder.EclipseLogger - Using 'UTF-8' encoding to copy filtered resources.
2017-04-26 10:57:14,104 [Worker-3] INFO  o.e.m.c.i.embedder.EclipseLogger - skip non existing resourceDirectory /Users/vmankena/Documents/MyGit/springboot/course-api/src/main/resources
2017-04-26 10:57:14,104 [Worker-3] INFO  o.e.m.c.i.embedder.EclipseLogger - skip non existing resourceDirectory /Users/vmankena/Documents/MyGit/springboot/course-api/src/main/resources
2017-04-26 10:57:14,106 [Worker-3] INFO  o.e.m.c.i.embedder.EclipseLogger - Using 'UTF-8' encoding to copy filtered resources.
2017-04-26 10:57:14,106 [Worker-3] INFO  o.e.m.c.i.embedder.EclipseLogger - skip non existing resourceDirectory /Users/vmankena/Documents/MyGit/springboot/course-api/src/test/resources
2017-04-26 10:57:39,987 [Worker-3] INFO  o.e.m.c.i.embedder.EclipseLogger - Using 'UTF-8' encoding to copy filtered resources.
2017-04-26 10:57:39,987 [Worker-3] INFO  o.e.m.c.i.embedder.EclipseLogger - skip non existing resourceDirectory /Users/vmankena/Documents/MyGit/springboot/course-api/src/main/resources
2017-04-26 10:57:39,987 [Worker-3] INFO  o.e.m.c.i.embedder.EclipseLogger - skip non existing resourceDirectory /Users/vmankena/Documents/MyGit/springboot/course-api/src/main/resources
2017-04-26 10:57:39,989 [Worker-3] INFO  o.e.m.c.i.embedder.EclipseLogger - Using 'UTF-8' encoding to copy filtered resources.
2017-04-26 10:57:39,989 [Worker-3] INFO  o.e.m.c.i.embedder.EclipseLogger - skip non existing resourceDirectory /Users/vmankena/Documents/MyGit/springboot/course-api/src/test/resources
2017-04-26 11:06:38,839 [Worker-5] INFO  o.e.m.c.i.embedder.EclipseLogger - Using 'UTF-8' encoding to copy filtered resources.
2017-04-26 11:06:38,840 [Worker-5] INFO  o.e.m.c.i.embedder.EclipseLogger - skip non existing resourceDirectory /Users/vmankena/Documents/MyGit/springboot/course-api/src/main/resources
2017-04-26 11:06:38,840 [Worker-5] INFO  o.e.m.c.i.embedder.EclipseLogger - skip non existing resourceDirectory /Users/vmankena/Documents/MyGit/springboot/course-api/src/main/resources
2017-04-26 11:06:38,841 [Worker-5] INFO  o.e.m.c.i.embedder.EclipseLogger - Using 'UTF-8' encoding to copy filtered resources.
2017-04-26 11:06:38,841 [Worker-5] INFO  o.e.m.c.i.embedder.EclipseLogger - skip non existing resourceDirectory /Users/vmankena/Documents/MyGit/springboot/course-api/src/test/resources
